<?xml version="1.0" encoding="UTF-8"?>
<testng-results skipped="0" failed="0" ignored="0" total="1" passed="1">
  <reporter-output>
  </reporter-output>
  <suite name="Default suite" duration-ms="10532" started-at="2019-05-28T14:49:26Z" finished-at="2019-05-28T14:49:36Z">
    <groups>
    </groups>
    <test name="Default test" duration-ms="10532" started-at="2019-05-28T14:49:26Z" finished-at="2019-05-28T14:49:36Z">
      <class name="com.pageTest.loginPageTest">
        <test-method status="PASS" signature="openBrowser()[pri:0, instance:com.pageTest.loginPageTest@4667ae56]" name="openBrowser" is-config="true" duration-ms="8467" started-at="2019-05-28T20:19:26Z" finished-at="2019-05-28T20:19:34Z">
          <reporter-output>
          </reporter-output>
        </test-method> <!-- openBrowser -->
        <test-method status="PASS" signature="loginToAccount()[pri:0, instance:com.pageTest.loginPageTest@4667ae56]" name="loginToAccount" duration-ms="2004" started-at="2019-05-28T20:19:34Z" finished-at="2019-05-28T20:19:36Z">
          <reporter-output>
          </reporter-output>
        </test-method> <!-- loginToAccount -->
      </class> <!-- com.pageTest.loginPageTest -->
    </test> <!-- Default test -->
  </suite> <!-- Default suite -->
</testng-results>
